[0.038s] Invoking command in '/home/nick/ros_ws/src/teleop_twist_joy/build/teleop_twist_joy': CMAKE_PREFIX_PATH=/opt/ros/humble /usr/bin/cmake /home/nick/ros_ws/src/teleop_twist_joy -DCMAKE_INSTALL_PREFIX=/home/nick/ros_ws/src/teleop_twist_joy/install/teleop_twist_joy
[0.296s] -- The C compiler identification is GNU 11.3.0
[0.521s] -- The CXX compiler identification is GNU 11.3.0
[0.543s] -- Detecting C compiler ABI info
[0.738s] -- Detecting C compiler ABI info - done
[0.769s] -- Check for working C compiler: /usr/bin/cc - skipped
[0.771s] -- Detecting C compile features
[0.772s] -- Detecting C compile features - done
[0.786s] -- Detecting CXX compiler ABI info
[1.065s] -- Detecting CXX compiler ABI info - done
[1.097s] -- Check for working CXX compiler: /usr/bin/c++ - skipped
[1.098s] -- Detecting CXX compile features
[1.100s] -- Detecting CXX compile features - done
[1.113s] -- Found ament_cmake: 1.3.3 (/opt/ros/humble/share/ament_cmake/cmake)
[1.610s] -- Found Python3: /usr/bin/python3.10 (found version "3.10.6") found components: Interpreter 
[1.921s] -- Found geometry_msgs: 4.2.2 (/opt/ros/humble/share/geometry_msgs/cmake)
[2.036s] -- Found rosidl_generator_c: 3.1.4 (/opt/ros/humble/share/rosidl_generator_c/cmake)
[2.052s] -- Found rosidl_adapter: 3.1.4 (/opt/ros/humble/share/rosidl_adapter/cmake)
[2.078s] -- Found rosidl_generator_cpp: 3.1.4 (/opt/ros/humble/share/rosidl_generator_cpp/cmake)
[2.125s] -- Using all available rosidl_typesupport_c: rosidl_typesupport_fastrtps_c;rosidl_typesupport_introspection_c
[2.192s] -- Using all available rosidl_typesupport_cpp: rosidl_typesupport_fastrtps_cpp;rosidl_typesupport_introspection_cpp
[2.715s] -- Found rclcpp: 16.0.2 (/opt/ros/humble/share/rclcpp/cmake)
[2.922s] -- Found rmw_implementation_cmake: 6.1.1 (/opt/ros/humble/share/rmw_implementation_cmake/cmake)
[2.929s] -- Found rmw_fastrtps_cpp: 6.2.2 (/opt/ros/humble/share/rmw_fastrtps_cpp/cmake)
[3.203s] -- Found OpenSSL: /usr/lib/x86_64-linux-gnu/libcrypto.so (found version "3.0.2")  
[3.273s] -- Found FastRTPS: /opt/ros/humble/include  
[3.407s] -- Using RMW implementation 'rmw_fastrtps_cpp' as default
[3.433s] -- Looking for pthread.h
[3.704s] -- Looking for pthread.h - found
[3.705s] -- Performing Test CMAKE_HAVE_LIBC_PTHREAD
[3.989s] -- Performing Test CMAKE_HAVE_LIBC_PTHREAD - Success
[3.993s] -- Found Threads: TRUE  
[4.582s] -- Found rclcpp_components: 16.0.2 (/opt/ros/humble/share/rclcpp_components/cmake)
[4.946s] -- Found sensor_msgs: 4.2.2 (/opt/ros/humble/share/sensor_msgs/cmake)
[5.325s] -- Performing Test COMPILER_HAS_HIDDEN_VISIBILITY
[5.553s] -- Performing Test COMPILER_HAS_HIDDEN_VISIBILITY - Success
[5.556s] -- Performing Test COMPILER_HAS_HIDDEN_INLINE_VISIBILITY
[5.896s] -- Performing Test COMPILER_HAS_HIDDEN_INLINE_VISIBILITY - Success
[5.902s] -- Performing Test COMPILER_HAS_DEPRECATED_ATTR
[6.196s] -- Performing Test COMPILER_HAS_DEPRECATED_ATTR - Success
[6.209s] -- Found ament_lint_auto: 0.12.4 (/opt/ros/humble/share/ament_lint_auto/cmake)
[6.529s] -- Found python_cmake_module: 0.10.0 (/opt/ros/humble/share/python_cmake_module/cmake)
[6.598s] -- Found PythonInterp: /usr/bin/python3 (found suitable version "3.10.6", minimum required is "3.6") 
[6.616s] -- Found PythonLibs: /usr/lib/x86_64-linux-gnu/libpython3.10.so (found suitable version "3.10.6", minimum required is "3.5") 
[6.617s] -- Using PYTHON_EXECUTABLE: /usr/bin/python3
[6.617s] -- Using PYTHON_INCLUDE_DIRS: /usr/include/python3.10
[6.618s] -- Using PYTHON_LIBRARIES: /usr/lib/x86_64-linux-gnu/libpython3.10.so
[6.709s] -- Found PythonExtra: .so  
[6.811s] -- Added test 'cppcheck' to perform static code analysis on C / C++ code
[6.811s] -- Configured cppcheck include dirs: $<BUILD_INTERFACE:/home/nick/ros_ws/src/teleop_twist_joy/build/teleop_twist_joy>;$<BUILD_INTERFACE:/home/nick/ros_ws/src/teleop_twist_joy/include>
[6.811s] -- Configured cppcheck exclude dirs and/or files: 
[6.816s] -- Added test 'flake8' to check Python code syntax and style conventions
[6.823s] -- Added test 'lint_cmake' to check CMake code style
[6.828s] -- Added test 'pep257' to check Python code against some of the docstring style conventions in PEP 257
[6.833s] -- Added test 'xmllint' to check XML markup files
[6.849s] -- Configuring done
[6.859s] [33mCMake Warning (dev) at CMakeLists.txt:20 (add_library):
[6.860s]   Policy CMP0115 is not set: Source file extensions must be explicit.  Run
[6.860s]   "cmake --help-policy CMP0115" for policy details.  Use the cmake_policy
[6.860s]   command to set the policy and suppress this warning.
[6.860s] 
[6.861s]   File:
[6.861s] 
[6.861s]     /home/nick/ros_ws/src/teleop_twist_joy/src/teleop_twist_joy.cpp
[6.861s] This warning is for project developers.  Use -Wno-dev to suppress it.
[6.862s] [0m
[6.915s] -- Generating done
[6.925s] -- Build files have been written to: /home/nick/ros_ws/src/teleop_twist_joy/build/teleop_twist_joy
[6.964s] Invoked command in '/home/nick/ros_ws/src/teleop_twist_joy/build/teleop_twist_joy' returned '0': CMAKE_PREFIX_PATH=/opt/ros/humble /usr/bin/cmake /home/nick/ros_ws/src/teleop_twist_joy -DCMAKE_INSTALL_PREFIX=/home/nick/ros_ws/src/teleop_twist_joy/install/teleop_twist_joy
[6.966s] Invoking command in '/home/nick/ros_ws/src/teleop_twist_joy/build/teleop_twist_joy': CMAKE_PREFIX_PATH=/opt/ros/humble /usr/bin/cmake --build /home/nick/ros_ws/src/teleop_twist_joy/build/teleop_twist_joy -- -j2 -l2
[7.136s] [ 25%] [32mBuilding CXX object CMakeFiles/teleop_twist_joy.dir/src/teleop_twist_joy.cpp.o[0m
[31.401s] gmake[2]: *** [CMakeFiles/teleop_twist_joy.dir/build.make:76: CMakeFiles/teleop_twist_joy.dir/src/teleop_twist_joy.cpp.o] Interrupt
[31.404s] gmake[1]: *** [CMakeFiles/Makefile2:139: CMakeFiles/teleop_twist_joy.dir/all] Interrupt
[31.404s] gmake: *** [Makefile:146: all] Interrupt
[31.543s] Invoked command in '/home/nick/ros_ws/src/teleop_twist_joy/build/teleop_twist_joy' returned '-2': CMAKE_PREFIX_PATH=/opt/ros/humble /usr/bin/cmake --build /home/nick/ros_ws/src/teleop_twist_joy/build/teleop_twist_joy -- -j2 -l2
